{"level":"info","ts":"2026-01-14T16:46:07.123+0800","caller":"dal/db.go:50","msg":"Database connected successfully"}
{"level":"info","ts":"2026-01-14T16:46:09.556+0800","caller":"dal/db.go:55","msg":"Redis connected successfully"}
{"level":"warn","ts":"2026-01-14T16:46:09.985+0800","caller":"logger/context.go:58","msg":"Slow SQL","elapsed":0.4288317,"sql":"SELECT DATABASE()","rows":-1}
{"level":"warn","ts":"2026-01-14T16:46:10.816+0800","caller":"logger/context.go:58","msg":"Slow SQL","elapsed":0.8308157,"sql":"SELECT SCHEMA_NAME from Information_schema.SCHEMATA where SCHEMA_NAME LIKE 'ccc%' ORDER BY SCHEMA_NAME='ccc' DESC,SCHEMA_NAME limit 1","rows":1}
{"level":"warn","ts":"2026-01-14T16:46:12.242+0800","caller":"logger/context.go:58","msg":"Slow SQL","elapsed":1.4259889,"sql":"SELECT count(*) FROM information_schema.tables WHERE table_schema = 'ccc' AND table_name = 't_shift_config' AND table_type = 'BASE TABLE'","rows":-1}
{"level":"warn","ts":"2026-01-14T16:46:12.952+0800","caller":"logger/context.go:58","msg":"Slow SQL","elapsed":0.7047934,"sql":"SELECT DATABASE()","rows":-1}
{"level":"warn","ts":"2026-01-14T16:46:14.096+0800","caller":"logger/context.go:58","msg":"Slow SQL","elapsed":1.142971,"sql":"SELECT SCHEMA_NAME from Information_schema.SCHEMATA where SCHEMA_NAME LIKE 'ccc%' ORDER BY SCHEMA_NAME='ccc' DESC,SCHEMA_NAME limit 1","rows":1}
{"level":"warn","ts":"2026-01-14T16:46:15.517+0800","caller":"logger/context.go:58","msg":"Slow SQL","elapsed":1.421018,"sql":"SELECT * FROM `t_shift_config` LIMIT 1","rows":-1}
{"level":"warn","ts":"2026-01-14T16:46:16.375+0800","caller":"logger/context.go:58","msg":"Slow SQL","elapsed":0.8585114,"sql":"SELECT column_name, column_default, is_nullable = 'YES', data_type, character_maximum_length, column_type, column_key, extra, column_comment, numeric_precision, numeric_scale , datetime_precision FROM information_schema.columns WHERE table_schema = 'ccc' AND table_name = 't_shift_config' ORDER BY ORDINAL_POSITION","rows":-1}
{"level":"warn","ts":"2026-01-14T16:46:16.800+0800","caller":"logger/context.go:58","msg":"Slow SQL","elapsed":0.4240396,"sql":"SELECT DATABASE()","rows":-1}
{"level":"warn","ts":"2026-01-14T16:46:18.401+0800","caller":"logger/context.go:58","msg":"Slow SQL","elapsed":1.6016721,"sql":"SELECT SCHEMA_NAME from Information_schema.SCHEMATA where SCHEMA_NAME LIKE 'ccc%' ORDER BY SCHEMA_NAME='ccc' DESC,SCHEMA_NAME limit 1","rows":1}
{"level":"warn","ts":"2026-01-14T16:46:19.552+0800","caller":"logger/context.go:58","msg":"Slow SQL","elapsed":1.1506378,"sql":"SELECT count(*) FROM information_schema.tables WHERE table_schema = 'ccc' AND table_name = 't_customer_service' AND table_type = 'BASE TABLE'","rows":-1}
{"level":"warn","ts":"2026-01-14T16:46:19.963+0800","caller":"logger/context.go:58","msg":"Slow SQL","elapsed":0.4108346,"sql":"SELECT DATABASE()","rows":-1}
{"level":"warn","ts":"2026-01-14T16:46:20.820+0800","caller":"logger/context.go:58","msg":"Slow SQL","elapsed":0.856491,"sql":"SELECT SCHEMA_NAME from Information_schema.SCHEMATA where SCHEMA_NAME LIKE 'ccc%' ORDER BY SCHEMA_NAME='ccc' DESC,SCHEMA_NAME limit 1","rows":1}
{"level":"warn","ts":"2026-01-14T16:46:21.908+0800","caller":"logger/context.go:58","msg":"Slow SQL","elapsed":1.087856,"sql":"SELECT * FROM `t_customer_service` LIMIT 1","rows":-1}
{"level":"warn","ts":"2026-01-14T16:46:23.017+0800","caller":"logger/context.go:58","msg":"Slow SQL","elapsed":1.1092565,"sql":"SELECT column_name, column_default, is_nullable = 'YES', data_type, character_maximum_length, column_type, column_key, extra, column_comment, numeric_precision, numeric_scale , datetime_precision FROM information_schema.columns WHERE table_schema = 'ccc' AND table_name = 't_customer_service' ORDER BY ORDINAL_POSITION","rows":-1}
{"level":"warn","ts":"2026-01-14T16:46:23.874+0800","caller":"logger/context.go:58","msg":"Slow SQL","elapsed":0.8565198,"sql":"SELECT DATABASE()","rows":-1}
{"level":"warn","ts":"2026-01-14T16:46:25.130+0800","caller":"logger/context.go:58","msg":"Slow SQL","elapsed":1.2567967,"sql":"SELECT SCHEMA_NAME from Information_schema.SCHEMATA where SCHEMA_NAME LIKE 'ccc%' ORDER BY SCHEMA_NAME='ccc' DESC,SCHEMA_NAME limit 1","rows":1}
{"level":"warn","ts":"2026-01-14T16:46:25.973+0800","caller":"logger/context.go:58","msg":"Slow SQL","elapsed":0.8431155,"sql":"SELECT count(*) FROM information_schema.tables WHERE table_schema = 'ccc' AND table_name = 't_schedule' AND table_type = 'BASE TABLE'","rows":-1}
{"level":"warn","ts":"2026-01-14T16:46:26.392+0800","caller":"logger/context.go:58","msg":"Slow SQL","elapsed":0.4189825,"sql":"SELECT DATABASE()","rows":-1}
{"level":"warn","ts":"2026-01-14T16:46:27.246+0800","caller":"logger/context.go:58","msg":"Slow SQL","elapsed":0.8538699,"sql":"SELECT SCHEMA_NAME from Information_schema.SCHEMATA where SCHEMA_NAME LIKE 'ccc%' ORDER BY SCHEMA_NAME='ccc' DESC,SCHEMA_NAME limit 1","rows":1}
{"level":"warn","ts":"2026-01-14T16:46:28.570+0800","caller":"logger/context.go:58","msg":"Slow SQL","elapsed":1.3238588,"sql":"SELECT * FROM `t_schedule` LIMIT 1","rows":-1}
{"level":"warn","ts":"2026-01-14T16:46:29.456+0800","caller":"logger/context.go:58","msg":"Slow SQL","elapsed":0.8860158,"sql":"SELECT column_name, column_default, is_nullable = 'YES', data_type, character_maximum_length, column_type, column_key, extra, column_comment, numeric_precision, numeric_scale , datetime_precision FROM information_schema.columns WHERE table_schema = 'ccc' AND table_name = 't_schedule' ORDER BY ORDINAL_POSITION","rows":-1}
{"level":"warn","ts":"2026-01-14T16:46:31.193+0800","caller":"logger/context.go:58","msg":"Slow SQL","elapsed":1.7358855,"sql":"SELECT DATABASE()","rows":-1}
{"level":"warn","ts":"2026-01-14T16:46:32.334+0800","caller":"logger/context.go:58","msg":"Slow SQL","elapsed":1.1412533,"sql":"SELECT SCHEMA_NAME from Information_schema.SCHEMATA where SCHEMA_NAME LIKE 'ccc%' ORDER BY SCHEMA_NAME='ccc' DESC,SCHEMA_NAME limit 1","rows":1}
{"level":"warn","ts":"2026-01-14T16:46:33.999+0800","caller":"logger/context.go:58","msg":"Slow SQL","elapsed":1.6646757,"sql":"SELECT count(*) FROM information_schema.statistics WHERE table_schema = 'ccc' AND table_name = 't_schedule' AND index_name = 'idx_cs_date'","rows":-1}
{"level":"warn","ts":"2026-01-14T16:46:36.435+0800","caller":"logger/context.go:58","msg":"Slow SQL","elapsed":2.4367525,"sql":"SELECT DATABASE()","rows":-1}
{"level":"warn","ts":"2026-01-14T16:46:37.597+0800","caller":"logger/context.go:58","msg":"Slow SQL","elapsed":1.1619025,"sql":"SELECT SCHEMA_NAME from Information_schema.SCHEMATA where SCHEMA_NAME LIKE 'ccc%' ORDER BY SCHEMA_NAME='ccc' DESC,SCHEMA_NAME limit 1","rows":1}
{"level":"warn","ts":"2026-01-14T16:46:38.567+0800","caller":"logger/context.go:58","msg":"Slow SQL","elapsed":0.9698588,"sql":"SELECT count(*) FROM information_schema.statistics WHERE table_schema = 'ccc' AND table_name = 't_schedule' AND index_name = 'idx_date_shift'","rows":-1}
{"level":"warn","ts":"2026-01-14T16:46:40.155+0800","caller":"logger/context.go:58","msg":"Slow SQL","elapsed":1.5875475,"sql":"SELECT DATABASE()","rows":-1}
{"level":"warn","ts":"2026-01-14T16:46:41.301+0800","caller":"logger/context.go:58","msg":"Slow SQL","elapsed":1.1466477,"sql":"SELECT SCHEMA_NAME from Information_schema.SCHEMATA where SCHEMA_NAME LIKE 'ccc%' ORDER BY SCHEMA_NAME='ccc' DESC,SCHEMA_NAME limit 1","rows":1}
{"level":"warn","ts":"2026-01-14T16:46:43.739+0800","caller":"logger/context.go:58","msg":"Slow SQL","elapsed":2.4378118,"sql":"SELECT count(*) FROM information_schema.tables WHERE table_schema = 'ccc' AND table_name = 't_conversation' AND table_type = 'BASE TABLE'","rows":-1}
{"level":"warn","ts":"2026-01-14T16:46:44.949+0800","caller":"logger/context.go:58","msg":"Slow SQL","elapsed":1.2102122,"sql":"SELECT DATABASE()","rows":-1}
{"level":"warn","ts":"2026-01-14T16:46:46.928+0800","caller":"logger/context.go:58","msg":"Slow SQL","elapsed":1.9789549,"sql":"SELECT SCHEMA_NAME from Information_schema.SCHEMATA where SCHEMA_NAME LIKE 'ccc%' ORDER BY SCHEMA_NAME='ccc' DESC,SCHEMA_NAME limit 1","rows":1}
{"level":"warn","ts":"2026-01-14T16:46:48.144+0800","caller":"logger/context.go:58","msg":"Slow SQL","elapsed":1.2155266,"sql":"SELECT * FROM `t_conversation` LIMIT 1","rows":-1}
{"level":"warn","ts":"2026-01-14T16:46:50.463+0800","caller":"logger/context.go:58","msg":"Slow SQL","elapsed":2.3190997,"sql":"SELECT column_name, column_default, is_nullable = 'YES', data_type, character_maximum_length, column_type, column_key, extra, column_comment, numeric_precision, numeric_scale , datetime_precision FROM information_schema.columns WHERE table_schema = 'ccc' AND table_name = 't_conversation' ORDER BY ORDINAL_POSITION","rows":-1}
{"level":"warn","ts":"2026-01-14T16:46:50.988+0800","caller":"logger/context.go:58","msg":"Slow SQL","elapsed":0.5245017,"sql":"SELECT DATABASE()","rows":-1}
{"level":"warn","ts":"2026-01-14T16:46:51.855+0800","caller":"logger/context.go:58","msg":"Slow SQL","elapsed":0.8672368,"sql":"SELECT SCHEMA_NAME from Information_schema.SCHEMATA where SCHEMA_NAME LIKE 'ccc%' ORDER BY SCHEMA_NAME='ccc' DESC,SCHEMA_NAME limit 1","rows":1}
{"level":"warn","ts":"2026-01-14T16:46:52.742+0800","caller":"logger/context.go:58","msg":"Slow SQL","elapsed":0.8870998,"sql":"SELECT count(*) FROM information_schema.statistics WHERE table_schema = 'ccc' AND table_name = 't_conversation' AND index_name = 'idx_user_time'","rows":-1}
{"level":"warn","ts":"2026-01-14T16:46:53.283+0800","caller":"logger/context.go:58","msg":"Slow SQL","elapsed":0.5399088,"sql":"SELECT DATABASE()","rows":-1}
{"level":"warn","ts":"2026-01-14T16:46:54.469+0800","caller":"logger/context.go:58","msg":"Slow SQL","elapsed":1.1863687,"sql":"SELECT SCHEMA_NAME from Information_schema.SCHEMATA where SCHEMA_NAME LIKE 'ccc%' ORDER BY SCHEMA_NAME='ccc' DESC,SCHEMA_NAME limit 1","rows":1}
{"level":"warn","ts":"2026-01-14T16:46:55.849+0800","caller":"logger/context.go:58","msg":"Slow SQL","elapsed":1.3793764,"sql":"SELECT count(*) FROM information_schema.statistics WHERE table_schema = 'ccc' AND table_name = 't_conversation' AND index_name = 'idx_cs_time'","rows":-1}
{"level":"warn","ts":"2026-01-14T16:46:56.278+0800","caller":"logger/context.go:58","msg":"Slow SQL","elapsed":0.4290052,"sql":"SELECT DATABASE()","rows":-1}
{"level":"warn","ts":"2026-01-14T16:46:57.159+0800","caller":"logger/context.go:58","msg":"Slow SQL","elapsed":0.8809985,"sql":"SELECT SCHEMA_NAME from Information_schema.SCHEMATA where SCHEMA_NAME LIKE 'ccc%' ORDER BY SCHEMA_NAME='ccc' DESC,SCHEMA_NAME limit 1","rows":1}
{"level":"warn","ts":"2026-01-14T16:46:58.054+0800","caller":"logger/context.go:58","msg":"Slow SQL","elapsed":0.8942434,"sql":"SELECT count(*) FROM information_schema.statistics WHERE table_schema = 'ccc' AND table_name = 't_conversation' AND index_name = 'idx_category'","rows":-1}
{"level":"warn","ts":"2026-01-14T16:46:59.040+0800","caller":"logger/context.go:58","msg":"Slow SQL","elapsed":0.9852012,"sql":"SELECT DATABASE()","rows":-1}
{"level":"warn","ts":"2026-01-14T16:47:00.690+0800","caller":"logger/context.go:58","msg":"Slow SQL","elapsed":1.6498942,"sql":"SELECT SCHEMA_NAME from Information_schema.SCHEMATA where SCHEMA_NAME LIKE 'ccc%' ORDER BY SCHEMA_NAME='ccc' DESC,SCHEMA_NAME limit 1","rows":1}
{"level":"warn","ts":"2026-01-14T16:47:02.889+0800","caller":"logger/context.go:58","msg":"Slow SQL","elapsed":2.1989559,"sql":"SELECT count(*) FROM information_schema.tables WHERE table_schema = 'ccc' AND table_name = 't_conv_category' AND table_type = 'BASE TABLE'","rows":-1}
{"level":"warn","ts":"2026-01-14T16:47:03.347+0800","caller":"logger/context.go:58","msg":"Slow SQL","elapsed":0.4579216,"sql":"SELECT DATABASE()","rows":-1}
{"level":"warn","ts":"2026-01-14T16:47:04.967+0800","caller":"logger/context.go:58","msg":"Slow SQL","elapsed":1.6202884,"sql":"SELECT SCHEMA_NAME from Information_schema.SCHEMATA where SCHEMA_NAME LIKE 'ccc%' ORDER BY SCHEMA_NAME='ccc' DESC,SCHEMA_NAME limit 1","rows":1}
{"level":"warn","ts":"2026-01-14T16:47:06.764+0800","caller":"logger/context.go:58","msg":"Slow SQL","elapsed":1.7970762,"sql":"SELECT * FROM `t_conv_category` LIMIT 1","rows":-1}
{"level":"warn","ts":"2026-01-14T16:47:07.924+0800","caller":"logger/context.go:58","msg":"Slow SQL","elapsed":1.1594825,"sql":"SELECT column_name, column_default, is_nullable = 'YES', data_type, character_maximum_length, column_type, column_key, extra, column_comment, numeric_precision, numeric_scale , datetime_precision FROM information_schema.columns WHERE table_schema = 'ccc' AND table_name = 't_conv_category' ORDER BY ORDINAL_POSITION","rows":-1}
{"level":"warn","ts":"2026-01-14T16:47:09.427+0800","caller":"logger/context.go:58","msg":"Slow SQL","elapsed":1.5018849,"sql":"SELECT DATABASE()","rows":-1}
{"level":"warn","ts":"2026-01-14T16:47:10.324+0800","caller":"logger/context.go:58","msg":"Slow SQL","elapsed":0.8978294,"sql":"SELECT SCHEMA_NAME from Information_schema.SCHEMATA where SCHEMA_NAME LIKE 'ccc%' ORDER BY SCHEMA_NAME='ccc' DESC,SCHEMA_NAME limit 1","rows":1}
{"level":"warn","ts":"2026-01-14T16:47:12.010+0800","caller":"logger/context.go:58","msg":"Slow SQL","elapsed":1.6858766,"sql":"\nSELECT\n\tTABLE_NAME,\n\tCOLUMN_NAME,\n\tINDEX_NAME,\n\tNON_UNIQUE \nFROM\n\tinformation_schema.STATISTICS \nWHERE\n\tTABLE_SCHEMA = 'ccc' \n\tAND TABLE_NAME = 't_conv_category' \nORDER BY\n\tINDEX_NAME,\n\tSEQ_IN_INDEX","rows":2}
{"level":"warn","ts":"2026-01-14T16:47:13.299+0800","caller":"logger/context.go:58","msg":"Slow SQL","elapsed":1.2885731,"sql":"SELECT DATABASE()","rows":-1}
{"level":"warn","ts":"2026-01-14T16:47:14.809+0800","caller":"logger/context.go:58","msg":"Slow SQL","elapsed":1.5103264,"sql":"SELECT SCHEMA_NAME from Information_schema.SCHEMATA where SCHEMA_NAME LIKE 'ccc%' ORDER BY SCHEMA_NAME='ccc' DESC,SCHEMA_NAME limit 1","rows":1}
{"level":"warn","ts":"2026-01-14T16:47:15.709+0800","caller":"logger/context.go:58","msg":"Slow SQL","elapsed":0.9000187,"sql":"SELECT count(*) FROM INFORMATION_SCHEMA.table_constraints WHERE constraint_schema = 'ccc' AND table_name = 't_conv_category' AND constraint_name = 'uni_t_conv_category_category_name'","rows":-1}
{"level":"warn","ts":"2026-01-14T16:47:16.139+0800","caller":"logger/context.go:58","msg":"Slow SQL","elapsed":0.4294899,"sql":"SELECT DATABASE()","rows":-1}
{"level":"warn","ts":"2026-01-14T16:47:17.437+0800","caller":"logger/context.go:58","msg":"Slow SQL","elapsed":1.2978163,"sql":"SELECT SCHEMA_NAME from Information_schema.SCHEMATA where SCHEMA_NAME LIKE 'ccc%' ORDER BY SCHEMA_NAME='ccc' DESC,SCHEMA_NAME limit 1","rows":1}
{"level":"warn","ts":"2026-01-14T16:47:19.135+0800","caller":"logger/context.go:58","msg":"Slow SQL","elapsed":1.6974345,"sql":"SELECT count(*) FROM information_schema.statistics WHERE table_schema = 'ccc' AND table_name = 't_conv_category' AND index_name = 'idx_t_conv_category_category_name'","rows":-1}
{"level":"warn","ts":"2026-01-14T16:47:19.576+0800","caller":"logger/context.go:58","msg":"Slow SQL","elapsed":0.4409661,"sql":"SELECT DATABASE()","rows":-1}
{"level":"warn","ts":"2026-01-14T16:47:20.441+0800","caller":"logger/context.go:58","msg":"Slow SQL","elapsed":0.8657385,"sql":"SELECT SCHEMA_NAME from Information_schema.SCHEMATA where SCHEMA_NAME LIKE 'ccc%' ORDER BY SCHEMA_NAME='ccc' DESC,SCHEMA_NAME limit 1","rows":1}
{"level":"warn","ts":"2026-01-14T16:47:21.682+0800","caller":"logger/context.go:58","msg":"Slow SQL","elapsed":1.2409341,"sql":"SELECT count(*) FROM information_schema.statistics WHERE table_schema = 'ccc' AND table_name = 't_conv_category' AND index_name = 'idx_t_conv_category_category_name'","rows":-1}
{"level":"warn","ts":"2026-01-14T16:47:22.119+0800","caller":"logger/context.go:58","msg":"Slow SQL","elapsed":0.428191,"sql":"SELECT DATABASE()","rows":-1}
{"level":"warn","ts":"2026-01-14T16:47:23.501+0800","caller":"logger/context.go:58","msg":"Slow SQL","elapsed":1.3821676,"sql":"SELECT SCHEMA_NAME from Information_schema.SCHEMATA where SCHEMA_NAME LIKE 'ccc%' ORDER BY SCHEMA_NAME='ccc' DESC,SCHEMA_NAME limit 1","rows":1}
{"level":"warn","ts":"2026-01-14T16:47:24.364+0800","caller":"logger/context.go:58","msg":"Slow SQL","elapsed":0.8628596,"sql":"SELECT count(*) FROM information_schema.tables WHERE table_schema = 'ccc' AND table_name = 't_conv_message' AND table_type = 'BASE TABLE'","rows":-1}
{"level":"warn","ts":"2026-01-14T16:47:24.902+0800","caller":"logger/context.go:58","msg":"Slow SQL","elapsed":0.5377221,"sql":"SELECT DATABASE()","rows":-1}
{"level":"warn","ts":"2026-01-14T16:47:25.767+0800","caller":"logger/context.go:58","msg":"Slow SQL","elapsed":0.8656197,"sql":"SELECT SCHEMA_NAME from Information_schema.SCHEMATA where SCHEMA_NAME LIKE 'ccc%' ORDER BY SCHEMA_NAME='ccc' DESC,SCHEMA_NAME limit 1","rows":1}
{"level":"warn","ts":"2026-01-14T16:47:26.627+0800","caller":"logger/context.go:58","msg":"Slow SQL","elapsed":0.8601313,"sql":"SELECT * FROM `t_conv_message` LIMIT 1","rows":-1}
{"level":"warn","ts":"2026-01-14T16:47:27.505+0800","caller":"logger/context.go:58","msg":"Slow SQL","elapsed":0.8771893,"sql":"SELECT column_name, column_default, is_nullable = 'YES', data_type, character_maximum_length, column_type, column_key, extra, column_comment, numeric_precision, numeric_scale , datetime_precision FROM information_schema.columns WHERE table_schema = 'ccc' AND table_name = 't_conv_message' ORDER BY ORDINAL_POSITION","rows":-1}
{"level":"warn","ts":"2026-01-14T16:47:27.939+0800","caller":"logger/context.go:58","msg":"Slow SQL","elapsed":0.4339734,"sql":"SELECT DATABASE()","rows":-1}
{"level":"warn","ts":"2026-01-14T16:47:29.027+0800","caller":"logger/context.go:58","msg":"Slow SQL","elapsed":1.0888858,"sql":"SELECT SCHEMA_NAME from Information_schema.SCHEMATA where SCHEMA_NAME LIKE 'ccc%' ORDER BY SCHEMA_NAME='ccc' DESC,SCHEMA_NAME limit 1","rows":1}
{"level":"warn","ts":"2026-01-14T16:47:29.859+0800","caller":"logger/context.go:58","msg":"Slow SQL","elapsed":0.8314956,"sql":"SELECT count(*) FROM information_schema.statistics WHERE table_schema = 'ccc' AND table_name = 't_conv_message' AND index_name = 'idx_conv_time'","rows":-1}
{"level":"warn","ts":"2026-01-14T16:47:30.273+0800","caller":"logger/context.go:58","msg":"Slow SQL","elapsed":0.4139129,"sql":"SELECT DATABASE()","rows":-1}
{"level":"warn","ts":"2026-01-14T16:47:31.407+0800","caller":"logger/context.go:58","msg":"Slow SQL","elapsed":1.1334157,"sql":"SELECT SCHEMA_NAME from Information_schema.SCHEMATA where SCHEMA_NAME LIKE 'ccc%' ORDER BY SCHEMA_NAME='ccc' DESC,SCHEMA_NAME limit 1","rows":1}
{"level":"warn","ts":"2026-01-14T16:47:32.825+0800","caller":"logger/context.go:58","msg":"Slow SQL","elapsed":1.4186819,"sql":"SELECT count(*) FROM information_schema.tables WHERE table_schema = 'ccc' AND table_name = 't_quick_reply' AND table_type = 'BASE TABLE'","rows":-1}
{"level":"warn","ts":"2026-01-14T16:47:33.778+0800","caller":"logger/context.go:58","msg":"Slow SQL","elapsed":0.9530129,"sql":"SELECT DATABASE()","rows":-1}
{"level":"warn","ts":"2026-01-14T16:47:34.896+0800","caller":"logger/context.go:58","msg":"Slow SQL","elapsed":1.1173338,"sql":"SELECT SCHEMA_NAME from Information_schema.SCHEMATA where SCHEMA_NAME LIKE 'ccc%' ORDER BY SCHEMA_NAME='ccc' DESC,SCHEMA_NAME limit 1","rows":1}
{"level":"warn","ts":"2026-01-14T16:47:35.760+0800","caller":"logger/context.go:58","msg":"Slow SQL","elapsed":0.8645147,"sql":"SELECT * FROM `t_quick_reply` LIMIT 1","rows":-1}
{"level":"warn","ts":"2026-01-14T16:47:36.633+0800","caller":"logger/context.go:58","msg":"Slow SQL","elapsed":0.8726148,"sql":"SELECT column_name, column_default, is_nullable = 'YES', data_type, character_maximum_length, column_type, column_key, extra, column_comment, numeric_precision, numeric_scale , datetime_precision FROM information_schema.columns WHERE table_schema = 'ccc' AND table_name = 't_quick_reply' ORDER BY ORDINAL_POSITION","rows":-1}
{"level":"warn","ts":"2026-01-14T16:47:37.062+0800","caller":"logger/context.go:58","msg":"Slow SQL","elapsed":0.4289364,"sql":"SELECT DATABASE()","rows":-1}
{"level":"warn","ts":"2026-01-14T16:47:38.167+0800","caller":"logger/context.go:58","msg":"Slow SQL","elapsed":1.1052626,"sql":"SELECT SCHEMA_NAME from Information_schema.SCHEMATA where SCHEMA_NAME LIKE 'ccc%' ORDER BY SCHEMA_NAME='ccc' DESC,SCHEMA_NAME limit 1","rows":1}
{"level":"warn","ts":"2026-01-14T16:47:39.792+0800","caller":"logger/context.go:58","msg":"Slow SQL","elapsed":1.6250068,"sql":"SELECT count(*) FROM information_schema.statistics WHERE table_schema = 'ccc' AND table_name = 't_quick_reply' AND index_name = 'idx_type_public'","rows":-1}
{"level":"warn","ts":"2026-01-14T16:47:40.200+0800","caller":"logger/context.go:58","msg":"Slow SQL","elapsed":0.4071019,"sql":"SELECT DATABASE()","rows":-1}
{"level":"warn","ts":"2026-01-14T16:47:41.525+0800","caller":"logger/context.go:58","msg":"Slow SQL","elapsed":1.3253178,"sql":"SELECT SCHEMA_NAME from Information_schema.SCHEMATA where SCHEMA_NAME LIKE 'ccc%' ORDER BY SCHEMA_NAME='ccc' DESC,SCHEMA_NAME limit 1","rows":1}
{"level":"warn","ts":"2026-01-14T16:47:42.371+0800","caller":"logger/context.go:58","msg":"Slow SQL","elapsed":0.8458616,"sql":"SELECT count(*) FROM information_schema.tables WHERE table_schema = 'ccc' AND table_name = 't_leave_transfer' AND table_type = 'BASE TABLE'","rows":-1}
{"level":"warn","ts":"2026-01-14T16:47:42.779+0800","caller":"logger/context.go:58","msg":"Slow SQL","elapsed":0.4077169,"sql":"SELECT DATABASE()","rows":-1}
{"level":"warn","ts":"2026-01-14T16:47:43.594+0800","caller":"logger/context.go:58","msg":"Slow SQL","elapsed":0.8145357,"sql":"SELECT SCHEMA_NAME from Information_schema.SCHEMATA where SCHEMA_NAME LIKE 'ccc%' ORDER BY SCHEMA_NAME='ccc' DESC,SCHEMA_NAME limit 1","rows":1}
{"level":"warn","ts":"2026-01-14T16:47:44.689+0800","caller":"logger/context.go:58","msg":"Slow SQL","elapsed":1.0956841,"sql":"SELECT * FROM `t_leave_transfer` LIMIT 1","rows":-1}
{"level":"warn","ts":"2026-01-14T16:47:45.545+0800","caller":"logger/context.go:58","msg":"Slow SQL","elapsed":0.855475,"sql":"SELECT column_name, column_default, is_nullable = 'YES', data_type, character_maximum_length, column_type, column_key, extra, column_comment, numeric_precision, numeric_scale , datetime_precision FROM information_schema.columns WHERE table_schema = 'ccc' AND table_name = 't_leave_transfer' ORDER BY ORDINAL_POSITION","rows":-1}
{"level":"warn","ts":"2026-01-14T16:47:46.125+0800","caller":"logger/context.go:58","msg":"Slow SQL","elapsed":0.5795703,"sql":"ALTER TABLE `t_leave_transfer` MODIFY COLUMN `approval_time` datetime(3) NULL","rows":7}
{"level":"warn","ts":"2026-01-14T16:47:46.542+0800","caller":"logger/context.go:58","msg":"Slow SQL","elapsed":0.4170854,"sql":"SELECT DATABASE()","rows":-1}
{"level":"warn","ts":"2026-01-14T16:47:47.392+0800","caller":"logger/context.go:58","msg":"Slow SQL","elapsed":0.8497364,"sql":"SELECT SCHEMA_NAME from Information_schema.SCHEMATA where SCHEMA_NAME LIKE 'ccc%' ORDER BY SCHEMA_NAME='ccc' DESC,SCHEMA_NAME limit 1","rows":1}
{"level":"warn","ts":"2026-01-14T16:47:48.687+0800","caller":"logger/context.go:58","msg":"Slow SQL","elapsed":1.2956474,"sql":"SELECT count(*) FROM information_schema.statistics WHERE table_schema = 'ccc' AND table_name = 't_leave_transfer' AND index_name = 'idx_cs_status'","rows":-1}
{"level":"warn","ts":"2026-01-14T16:47:49.383+0800","caller":"logger/context.go:58","msg":"Slow SQL","elapsed":0.6960072,"sql":"SELECT DATABASE()","rows":-1}
{"level":"warn","ts":"2026-01-14T16:47:50.223+0800","caller":"logger/context.go:58","msg":"Slow SQL","elapsed":0.8398521,"sql":"SELECT SCHEMA_NAME from Information_schema.SCHEMATA where SCHEMA_NAME LIKE 'ccc%' ORDER BY SCHEMA_NAME='ccc' DESC,SCHEMA_NAME limit 1","rows":1}
{"level":"warn","ts":"2026-01-14T16:47:51.371+0800","caller":"logger/context.go:58","msg":"Slow SQL","elapsed":1.14771,"sql":"SELECT count(*) FROM information_schema.tables WHERE table_schema = 'ccc' AND table_name = 't_conv_tag' AND table_type = 'BASE TABLE'","rows":-1}
{"level":"warn","ts":"2026-01-14T16:47:51.795+0800","caller":"logger/context.go:58","msg":"Slow SQL","elapsed":0.4244767,"sql":"SELECT DATABASE()","rows":-1}
{"level":"warn","ts":"2026-01-14T16:47:52.625+0800","caller":"logger/context.go:58","msg":"Slow SQL","elapsed":0.8298633,"sql":"SELECT SCHEMA_NAME from Information_schema.SCHEMATA where SCHEMA_NAME LIKE 'ccc%' ORDER BY SCHEMA_NAME='ccc' DESC,SCHEMA_NAME limit 1","rows":1}
{"level":"warn","ts":"2026-01-14T16:47:53.763+0800","caller":"logger/context.go:58","msg":"Slow SQL","elapsed":1.1371623,"sql":"SELECT * FROM `t_conv_tag` LIMIT 1","rows":-1}
{"level":"warn","ts":"2026-01-14T16:47:54.691+0800","caller":"logger/context.go:58","msg":"Slow SQL","elapsed":0.9281747,"sql":"SELECT column_name, column_default, is_nullable = 'YES', data_type, character_maximum_length, column_type, column_key, extra, column_comment, numeric_precision, numeric_scale , datetime_precision FROM information_schema.columns WHERE table_schema = 'ccc' AND table_name = 't_conv_tag' ORDER BY ORDINAL_POSITION","rows":-1}
{"level":"warn","ts":"2026-01-14T16:47:55.477+0800","caller":"logger/context.go:58","msg":"Slow SQL","elapsed":0.7854198,"sql":"SELECT DATABASE()","rows":-1}
{"level":"warn","ts":"2026-01-14T16:47:56.311+0800","caller":"logger/context.go:58","msg":"Slow SQL","elapsed":0.8340205,"sql":"SELECT SCHEMA_NAME from Information_schema.SCHEMATA where SCHEMA_NAME LIKE 'ccc%' ORDER BY SCHEMA_NAME='ccc' DESC,SCHEMA_NAME limit 1","rows":1}
{"level":"warn","ts":"2026-01-14T16:47:57.725+0800","caller":"logger/context.go:58","msg":"Slow SQL","elapsed":1.4138783,"sql":"\nSELECT\n\tTABLE_NAME,\n\tCOLUMN_NAME,\n\tINDEX_NAME,\n\tNON_UNIQUE \nFROM\n\tinformation_schema.STATISTICS \nWHERE\n\tTABLE_SCHEMA = 'ccc' \n\tAND TABLE_NAME = 't_conv_tag' \nORDER BY\n\tINDEX_NAME,\n\tSEQ_IN_INDEX","rows":3}
{"level":"warn","ts":"2026-01-14T16:47:58.150+0800","caller":"logger/context.go:58","msg":"Slow SQL","elapsed":0.4250669,"sql":"SELECT DATABASE()","rows":-1}
{"level":"warn","ts":"2026-01-14T16:47:58.967+0800","caller":"logger/context.go:58","msg":"Slow SQL","elapsed":0.8167577,"sql":"SELECT SCHEMA_NAME from Information_schema.SCHEMATA where SCHEMA_NAME LIKE 'ccc%' ORDER BY SCHEMA_NAME='ccc' DESC,SCHEMA_NAME limit 1","rows":1}
{"level":"warn","ts":"2026-01-14T16:47:59.776+0800","caller":"logger/context.go:58","msg":"Slow SQL","elapsed":0.8089615,"sql":"SELECT count(*) FROM INFORMATION_SCHEMA.table_constraints WHERE constraint_schema = 'ccc' AND table_name = 't_conv_tag' AND constraint_name = 'uni_t_conv_tag_tag_name'","rows":-1}
{"level":"warn","ts":"2026-01-14T16:48:00.182+0800","caller":"logger/context.go:58","msg":"Slow SQL","elapsed":0.4067156,"sql":"SELECT DATABASE()","rows":-1}
{"level":"warn","ts":"2026-01-14T16:48:01.003+0800","caller":"logger/context.go:58","msg":"Slow SQL","elapsed":0.8208041,"sql":"SELECT SCHEMA_NAME from Information_schema.SCHEMATA where SCHEMA_NAME LIKE 'ccc%' ORDER BY SCHEMA_NAME='ccc' DESC,SCHEMA_NAME limit 1","rows":1}
{"level":"warn","ts":"2026-01-14T16:48:01.809+0800","caller":"logger/context.go:58","msg":"Slow SQL","elapsed":0.8060207,"sql":"SELECT count(*) FROM information_schema.statistics WHERE table_schema = 'ccc' AND table_name = 't_conv_tag' AND index_name = 'idx_t_conv_tag_tag_name'","rows":-1}
{"level":"warn","ts":"2026-01-14T16:48:02.223+0800","caller":"logger/context.go:58","msg":"Slow SQL","elapsed":0.4116287,"sql":"SELECT DATABASE()","rows":-1}
{"level":"warn","ts":"2026-01-14T16:48:03.039+0800","caller":"logger/context.go:58","msg":"Slow SQL","elapsed":0.8165823,"sql":"SELECT SCHEMA_NAME from Information_schema.SCHEMATA where SCHEMA_NAME LIKE 'ccc%' ORDER BY SCHEMA_NAME='ccc' DESC,SCHEMA_NAME limit 1","rows":1}
{"level":"warn","ts":"2026-01-14T16:48:04.148+0800","caller":"logger/context.go:58","msg":"Slow SQL","elapsed":1.1082977,"sql":"SELECT count(*) FROM information_schema.statistics WHERE table_schema = 'ccc' AND table_name = 't_conv_tag' AND index_name = 'idx_t_conv_tag_tag_name'","rows":-1}
{"level":"warn","ts":"2026-01-14T16:48:04.551+0800","caller":"logger/context.go:58","msg":"Slow SQL","elapsed":0.4031703,"sql":"SELECT DATABASE()","rows":-1}
{"level":"warn","ts":"2026-01-14T16:48:05.385+0800","caller":"logger/context.go:58","msg":"Slow SQL","elapsed":0.8345522,"sql":"SELECT SCHEMA_NAME from Information_schema.SCHEMATA where SCHEMA_NAME LIKE 'ccc%' ORDER BY SCHEMA_NAME='ccc' DESC,SCHEMA_NAME limit 1","rows":1}
{"level":"warn","ts":"2026-01-14T16:48:06.209+0800","caller":"logger/context.go:58","msg":"Slow SQL","elapsed":0.8238665,"sql":"SELECT count(*) FROM information_schema.statistics WHERE table_schema = 'ccc' AND table_name = 't_conv_tag' AND index_name = 'idx_t_conv_tag_sort_no'","rows":-1}
{"level":"warn","ts":"2026-01-14T16:48:06.627+0800","caller":"logger/context.go:58","msg":"Slow SQL","elapsed":0.4177629,"sql":"SELECT DATABASE()","rows":-1}
{"level":"warn","ts":"2026-01-14T16:48:08.033+0800","caller":"logger/context.go:58","msg":"Slow SQL","elapsed":1.406078,"sql":"SELECT SCHEMA_NAME from Information_schema.SCHEMATA where SCHEMA_NAME LIKE 'ccc%' ORDER BY SCHEMA_NAME='ccc' DESC,SCHEMA_NAME limit 1","rows":1}
{"level":"warn","ts":"2026-01-14T16:48:08.876+0800","caller":"logger/context.go:58","msg":"Slow SQL","elapsed":0.8429746,"sql":"SELECT count(*) FROM information_schema.tables WHERE table_schema = 'ccc' AND table_name = 'sys_roles' AND table_type = 'BASE TABLE'","rows":-1}
{"level":"warn","ts":"2026-01-14T16:48:09.879+0800","caller":"logger/context.go:58","msg":"Slow SQL","elapsed":1.0026896,"sql":"SELECT DATABASE()","rows":-1}
{"level":"warn","ts":"2026-01-14T16:48:10.782+0800","caller":"logger/context.go:58","msg":"Slow SQL","elapsed":0.9032916,"sql":"SELECT SCHEMA_NAME from Information_schema.SCHEMATA where SCHEMA_NAME LIKE 'ccc%' ORDER BY SCHEMA_NAME='ccc' DESC,SCHEMA_NAME limit 1","rows":1}
{"level":"warn","ts":"2026-01-14T16:48:11.606+0800","caller":"logger/context.go:58","msg":"Slow SQL","elapsed":0.8241316,"sql":"SELECT * FROM `sys_roles` LIMIT 1","rows":-1}
{"level":"warn","ts":"2026-01-14T16:48:12.426+0800","caller":"logger/context.go:58","msg":"Slow SQL","elapsed":0.8196445,"sql":"SELECT column_name, column_default, is_nullable = 'YES', data_type, character_maximum_length, column_type, column_key, extra, column_comment, numeric_precision, numeric_scale , datetime_precision FROM information_schema.columns WHERE table_schema = 'ccc' AND table_name = 'sys_roles' ORDER BY ORDINAL_POSITION","rows":-1}
{"level":"warn","ts":"2026-01-14T16:48:12.837+0800","caller":"logger/context.go:58","msg":"Slow SQL","elapsed":0.411075,"sql":"SELECT DATABASE()","rows":-1}
{"level":"warn","ts":"2026-01-14T16:48:13.661+0800","caller":"logger/context.go:58","msg":"Slow SQL","elapsed":0.8238526,"sql":"SELECT SCHEMA_NAME from Information_schema.SCHEMATA where SCHEMA_NAME LIKE 'ccc%' ORDER BY SCHEMA_NAME='ccc' DESC,SCHEMA_NAME limit 1","rows":1}
{"level":"warn","ts":"2026-01-14T16:48:14.770+0800","caller":"logger/context.go:58","msg":"Slow SQL","elapsed":1.1097269,"sql":"\nSELECT\n\tTABLE_NAME,\n\tCOLUMN_NAME,\n\tINDEX_NAME,\n\tNON_UNIQUE \nFROM\n\tinformation_schema.STATISTICS \nWHERE\n\tTABLE_SCHEMA = 'ccc' \n\tAND TABLE_NAME = 'sys_roles' \nORDER BY\n\tINDEX_NAME,\n\tSEQ_IN_INDEX","rows":2}
{"level":"warn","ts":"2026-01-14T16:48:15.255+0800","caller":"logger/context.go:58","msg":"Slow SQL","elapsed":0.4849602,"sql":"SELECT DATABASE()","rows":-1}
{"level":"warn","ts":"2026-01-14T16:48:16.077+0800","caller":"logger/context.go:58","msg":"Slow SQL","elapsed":0.8211664,"sql":"SELECT SCHEMA_NAME from Information_schema.SCHEMATA where SCHEMA_NAME LIKE 'ccc%' ORDER BY SCHEMA_NAME='ccc' DESC,SCHEMA_NAME limit 1","rows":1}
{"level":"warn","ts":"2026-01-14T16:48:16.922+0800","caller":"logger/context.go:58","msg":"Slow SQL","elapsed":0.8452131,"sql":"SELECT count(*) FROM INFORMATION_SCHEMA.table_constraints WHERE constraint_schema = 'ccc' AND table_name = 'sys_roles' AND constraint_name = 'uni_sys_roles_role_code'","rows":-1}
{"level":"warn","ts":"2026-01-14T16:48:17.348+0800","caller":"logger/context.go:58","msg":"Slow SQL","elapsed":0.4252637,"sql":"SELECT DATABASE()","rows":-1}
{"level":"warn","ts":"2026-01-14T16:48:18.701+0800","caller":"logger/context.go:58","msg":"Slow SQL","elapsed":1.3531346,"sql":"SELECT SCHEMA_NAME from Information_schema.SCHEMATA where SCHEMA_NAME LIKE 'ccc%' ORDER BY SCHEMA_NAME='ccc' DESC,SCHEMA_NAME limit 1","rows":1}
{"level":"warn","ts":"2026-01-14T16:48:20.620+0800","caller":"logger/context.go:58","msg":"Slow SQL","elapsed":1.919307,"sql":"SELECT count(*) FROM information_schema.statistics WHERE table_schema = 'ccc' AND table_name = 'sys_roles' AND index_name = 'idx_sys_roles_role_code'","rows":-1}
{"level":"warn","ts":"2026-01-14T16:48:21.603+0800","caller":"logger/context.go:58","msg":"Slow SQL","elapsed":0.9820288,"sql":"SELECT DATABASE()","rows":-1}
{"level":"warn","ts":"2026-01-14T16:48:23.474+0800","caller":"logger/context.go:58","msg":"Slow SQL","elapsed":1.8712064,"sql":"SELECT SCHEMA_NAME from Information_schema.SCHEMATA where SCHEMA_NAME LIKE 'ccc%' ORDER BY SCHEMA_NAME='ccc' DESC,SCHEMA_NAME limit 1","rows":1}
{"level":"warn","ts":"2026-01-14T16:48:26.255+0800","caller":"logger/context.go:58","msg":"Slow SQL","elapsed":2.7802916,"sql":"SELECT count(*) FROM information_schema.statistics WHERE table_schema = 'ccc' AND table_name = 'sys_roles' AND index_name = 'idx_sys_roles_role_code'","rows":-1}
{"level":"warn","ts":"2026-01-14T16:48:26.684+0800","caller":"logger/context.go:58","msg":"Slow SQL","elapsed":0.4288539,"sql":"SELECT DATABASE()","rows":-1}
{"level":"warn","ts":"2026-01-14T16:48:27.550+0800","caller":"logger/context.go:58","msg":"Slow SQL","elapsed":0.8662807,"sql":"SELECT SCHEMA_NAME from Information_schema.SCHEMATA where SCHEMA_NAME LIKE 'ccc%' ORDER BY SCHEMA_NAME='ccc' DESC,SCHEMA_NAME limit 1","rows":1}
{"level":"warn","ts":"2026-01-14T16:48:29.464+0800","caller":"logger/context.go:58","msg":"Slow SQL","elapsed":1.9138125,"sql":"SELECT count(*) FROM information_schema.tables WHERE table_schema = 'ccc' AND table_name = 'sys_users' AND table_type = 'BASE TABLE'","rows":-1}
{"level":"warn","ts":"2026-01-14T16:48:29.888+0800","caller":"logger/context.go:58","msg":"Slow SQL","elapsed":0.4244771,"sql":"SELECT DATABASE()","rows":-1}
{"level":"warn","ts":"2026-01-14T16:48:34.762+0800","caller":"logger/context.go:58","msg":"Slow SQL","elapsed":4.8734729,"sql":"SELECT SCHEMA_NAME from Information_schema.SCHEMATA where SCHEMA_NAME LIKE 'ccc%' ORDER BY SCHEMA_NAME='ccc' DESC,SCHEMA_NAME limit 1","rows":1}
{"level":"error","ts":"2026-01-14T16:48:53.937+0800","caller":"logger/context.go:64","msg":"SQL Error","error":"invalid connection","elapsed":19.1746075,"sql":"SELECT * FROM `sys_users` LIMIT 1","rows":-1}
{"level":"fatal","ts":"2026-01-14T16:48:53.938+0800","caller":"customer/main.go:40","msg":"Failed to migrate tables","error":"failed to migrate tables: invalid connection"}
{"level":"info","ts":"2026-01-14T19:29:43.606+0800","caller":"dal/db.go:51","msg":"Database connected successfully"}
{"level":"info","ts":"2026-01-14T19:29:46.399+0800","caller":"dal/db.go:56","msg":"Redis connected successfully"}
{"level":"info","ts":"2026-01-14T19:29:46.399+0800","caller":"dal/db.go:129","msg":"Starting database migration..."}
{"level":"warn","ts":"2026-01-14T19:29:46.857+0800","caller":"logger/context.go:58","msg":"Slow SQL","elapsed":0.4580745,"sql":"SELECT DATABASE()","rows":-1}
{"level":"warn","ts":"2026-01-14T19:29:48.444+0800","caller":"logger/context.go:58","msg":"Slow SQL","elapsed":1.5865433,"sql":"SELECT SCHEMA_NAME from Information_schema.SCHEMATA where SCHEMA_NAME LIKE 'ccc%' ORDER BY SCHEMA_NAME='ccc' DESC,SCHEMA_NAME limit 1","rows":1}
{"level":"warn","ts":"2026-01-14T19:29:49.351+0800","caller":"logger/context.go:58","msg":"Slow SQL","elapsed":0.9071933,"sql":"SELECT count(*) FROM information_schema.tables WHERE table_schema = 'ccc' AND table_name = 't_shift_config' AND table_type = 'BASE TABLE'","rows":-1}
{"level":"warn","ts":"2026-01-14T19:29:49.781+0800","caller":"logger/context.go:58","msg":"Slow SQL","elapsed":0.4301833,"sql":"SELECT DATABASE()","rows":-1}
{"level":"warn","ts":"2026-01-14T19:29:50.640+0800","caller":"logger/context.go:58","msg":"Slow SQL","elapsed":0.8586634,"sql":"SELECT SCHEMA_NAME from Information_schema.SCHEMATA where SCHEMA_NAME LIKE 'ccc%' ORDER BY SCHEMA_NAME='ccc' DESC,SCHEMA_NAME limit 1","rows":1}
{"level":"warn","ts":"2026-01-14T19:29:51.562+0800","caller":"logger/context.go:58","msg":"Slow SQL","elapsed":0.9215521,"sql":"SELECT * FROM `t_shift_config` LIMIT 1","rows":-1}
{"level":"warn","ts":"2026-01-14T19:29:53.393+0800","caller":"logger/context.go:58","msg":"Slow SQL","elapsed":1.8309154,"sql":"SELECT column_name, column_default, is_nullable = 'YES', data_type, character_maximum_length, column_type, column_key, extra, column_comment, numeric_precision, numeric_scale , datetime_precision FROM information_schema.columns WHERE table_schema = 'ccc' AND table_name = 't_shift_config' ORDER BY ORDINAL_POSITION","rows":-1}
{"level":"warn","ts":"2026-01-14T19:29:53.870+0800","caller":"logger/context.go:58","msg":"Slow SQL","elapsed":0.4763137,"sql":"SELECT DATABASE()","rows":-1}
{"level":"warn","ts":"2026-01-14T19:29:54.828+0800","caller":"logger/context.go:58","msg":"Slow SQL","elapsed":0.9582289,"sql":"SELECT SCHEMA_NAME from Information_schema.SCHEMATA where SCHEMA_NAME LIKE 'ccc%' ORDER BY SCHEMA_NAME='ccc' DESC,SCHEMA_NAME limit 1","rows":1}
{"level":"warn","ts":"2026-01-14T19:29:55.822+0800","caller":"logger/context.go:58","msg":"Slow SQL","elapsed":0.9940621,"sql":"SELECT count(*) FROM information_schema.tables WHERE table_schema = 'ccc' AND table_name = 't_customer_service' AND table_type = 'BASE TABLE'","rows":-1}
{"level":"warn","ts":"2026-01-14T19:29:56.312+0800","caller":"logger/context.go:58","msg":"Slow SQL","elapsed":0.4900112,"sql":"SELECT DATABASE()","rows":-1}
{"level":"warn","ts":"2026-01-14T19:29:57.208+0800","caller":"logger/context.go:58","msg":"Slow SQL","elapsed":0.8965057,"sql":"SELECT SCHEMA_NAME from Information_schema.SCHEMATA where SCHEMA_NAME LIKE 'ccc%' ORDER BY SCHEMA_NAME='ccc' DESC,SCHEMA_NAME limit 1","rows":1}
{"level":"warn","ts":"2026-01-14T19:29:58.115+0800","caller":"logger/context.go:58","msg":"Slow SQL","elapsed":0.9063668,"sql":"SELECT * FROM `t_customer_service` LIMIT 1","rows":-1}
{"level":"warn","ts":"2026-01-14T19:29:59.048+0800","caller":"logger/context.go:58","msg":"Slow SQL","elapsed":0.9323172,"sql":"SELECT column_name, column_default, is_nullable = 'YES', data_type, character_maximum_length, column_type, column_key, extra, column_comment, numeric_precision, numeric_scale , datetime_precision FROM information_schema.columns WHERE table_schema = 'ccc' AND table_name = 't_customer_service' ORDER BY ORDINAL_POSITION","rows":-1}
{"level":"warn","ts":"2026-01-14T19:29:59.541+0800","caller":"logger/context.go:58","msg":"Slow SQL","elapsed":0.4922174,"sql":"SELECT DATABASE()","rows":-1}
{"level":"warn","ts":"2026-01-14T19:30:01.327+0800","caller":"logger/context.go:58","msg":"Slow SQL","elapsed":1.7863252,"sql":"SELECT SCHEMA_NAME from Information_schema.SCHEMATA where SCHEMA_NAME LIKE 'ccc%' ORDER BY SCHEMA_NAME='ccc' DESC,SCHEMA_NAME limit 1","rows":1}
{"level":"warn","ts":"2026-01-14T19:30:02.186+0800","caller":"logger/context.go:58","msg":"Slow SQL","elapsed":0.8586658,"sql":"SELECT count(*) FROM information_schema.tables WHERE table_schema = 'ccc' AND table_name = 't_schedule' AND table_type = 'BASE TABLE'","rows":-1}
{"level":"warn","ts":"2026-01-14T19:30:02.579+0800","caller":"logger/context.go:58","msg":"Slow SQL","elapsed":0.3929806,"sql":"SELECT DATABASE()","rows":-1}
{"level":"warn","ts":"2026-01-14T19:30:03.529+0800","caller":"logger/context.go:58","msg":"Slow SQL","elapsed":0.9503261,"sql":"SELECT SCHEMA_NAME from Information_schema.SCHEMATA where SCHEMA_NAME LIKE 'ccc%' ORDER BY SCHEMA_NAME='ccc' DESC,SCHEMA_NAME limit 1","rows":1}
{"level":"warn","ts":"2026-01-14T19:30:04.459+0800","caller":"logger/context.go:58","msg":"Slow SQL","elapsed":0.9294768,"sql":"SELECT * FROM `t_schedule` LIMIT 1","rows":-1}
{"level":"warn","ts":"2026-01-14T19:30:05.343+0800","caller":"logger/context.go:58","msg":"Slow SQL","elapsed":0.8849307,"sql":"SELECT column_name, column_default, is_nullable = 'YES', data_type, character_maximum_length, column_type, column_key, extra, column_comment, numeric_precision, numeric_scale , datetime_precision FROM information_schema.columns WHERE table_schema = 'ccc' AND table_name = 't_schedule' ORDER BY ORDINAL_POSITION","rows":-1}
{"level":"warn","ts":"2026-01-14T19:30:05.773+0800","caller":"logger/context.go:58","msg":"Slow SQL","elapsed":0.4296694,"sql":"SELECT DATABASE()","rows":-1}
{"level":"warn","ts":"2026-01-14T19:30:06.615+0800","caller":"logger/context.go:58","msg":"Slow SQL","elapsed":0.8419534,"sql":"SELECT SCHEMA_NAME from Information_schema.SCHEMATA where SCHEMA_NAME LIKE 'ccc%' ORDER BY SCHEMA_NAME='ccc' DESC,SCHEMA_NAME limit 1","rows":1}
{"level":"warn","ts":"2026-01-14T19:30:07.481+0800","caller":"logger/context.go:58","msg":"Slow SQL","elapsed":0.865544,"sql":"SELECT count(*) FROM information_schema.statistics WHERE table_schema = 'ccc' AND table_name = 't_schedule' AND index_name = 'idx_cs_date'","rows":-1}
{"level":"warn","ts":"2026-01-14T19:30:07.917+0800","caller":"logger/context.go:58","msg":"Slow SQL","elapsed":0.4357701,"sql":"SELECT DATABASE()","rows":-1}
{"level":"warn","ts":"2026-01-14T19:30:08.807+0800","caller":"logger/context.go:58","msg":"Slow SQL","elapsed":0.8898494,"sql":"SELECT SCHEMA_NAME from Information_schema.SCHEMATA where SCHEMA_NAME LIKE 'ccc%' ORDER BY SCHEMA_NAME='ccc' DESC,SCHEMA_NAME limit 1","rows":1}
{"level":"warn","ts":"2026-01-14T19:30:09.728+0800","caller":"logger/context.go:58","msg":"Slow SQL","elapsed":0.9211289,"sql":"SELECT count(*) FROM information_schema.statistics WHERE table_schema = 'ccc' AND table_name = 't_schedule' AND index_name = 'idx_date_shift'","rows":-1}
{"level":"warn","ts":"2026-01-14T19:30:10.153+0800","caller":"logger/context.go:58","msg":"Slow SQL","elapsed":0.4252067,"sql":"SELECT DATABASE()","rows":-1}
{"level":"warn","ts":"2026-01-14T19:30:11.063+0800","caller":"logger/context.go:58","msg":"Slow SQL","elapsed":0.9095976,"sql":"SELECT SCHEMA_NAME from Information_schema.SCHEMATA where SCHEMA_NAME LIKE 'ccc%' ORDER BY SCHEMA_NAME='ccc' DESC,SCHEMA_NAME limit 1","rows":1}
{"level":"warn","ts":"2026-01-14T19:30:11.955+0800","caller":"logger/context.go:58","msg":"Slow SQL","elapsed":0.8925531,"sql":"SELECT count(*) FROM information_schema.tables WHERE table_schema = 'ccc' AND table_name = 't_conversation' AND table_type = 'BASE TABLE'","rows":-1}
{"level":"warn","ts":"2026-01-14T19:30:12.409+0800","caller":"logger/context.go:58","msg":"Slow SQL","elapsed":0.4535988,"sql":"SELECT DATABASE()","rows":-1}
{"level":"warn","ts":"2026-01-14T19:30:13.265+0800","caller":"logger/context.go:58","msg":"Slow SQL","elapsed":0.8554492,"sql":"SELECT SCHEMA_NAME from Information_schema.SCHEMATA where SCHEMA_NAME LIKE 'ccc%' ORDER BY SCHEMA_NAME='ccc' DESC,SCHEMA_NAME limit 1","rows":1}
{"level":"warn","ts":"2026-01-14T19:30:14.122+0800","caller":"logger/context.go:58","msg":"Slow SQL","elapsed":0.8569823,"sql":"SELECT * FROM `t_conversation` LIMIT 1","rows":-1}
{"level":"warn","ts":"2026-01-14T19:30:15.066+0800","caller":"logger/context.go:58","msg":"Slow SQL","elapsed":0.9435678,"sql":"SELECT column_name, column_default, is_nullable = 'YES', data_type, character_maximum_length, column_type, column_key, extra, column_comment, numeric_precision, numeric_scale , datetime_precision FROM information_schema.columns WHERE table_schema = 'ccc' AND table_name = 't_conversation' ORDER BY ORDINAL_POSITION","rows":-1}
{"level":"warn","ts":"2026-01-14T19:30:15.545+0800","caller":"logger/context.go:58","msg":"Slow SQL","elapsed":0.4789761,"sql":"SELECT DATABASE()","rows":-1}
{"level":"warn","ts":"2026-01-14T19:30:16.470+0800","caller":"logger/context.go:58","msg":"Slow SQL","elapsed":0.9245434,"sql":"SELECT SCHEMA_NAME from Information_schema.SCHEMATA where SCHEMA_NAME LIKE 'ccc%' ORDER BY SCHEMA_NAME='ccc' DESC,SCHEMA_NAME limit 1","rows":1}
{"level":"warn","ts":"2026-01-14T19:30:17.421+0800","caller":"logger/context.go:58","msg":"Slow SQL","elapsed":0.950663,"sql":"SELECT count(*) FROM information_schema.statistics WHERE table_schema = 'ccc' AND table_name = 't_conversation' AND index_name = 'idx_user_time'","rows":-1}
{"level":"warn","ts":"2026-01-14T19:30:17.889+0800","caller":"logger/context.go:58","msg":"Slow SQL","elapsed":0.4674582,"sql":"SELECT DATABASE()","rows":-1}
{"level":"warn","ts":"2026-01-14T19:30:18.868+0800","caller":"logger/context.go:58","msg":"Slow SQL","elapsed":0.9791272,"sql":"SELECT SCHEMA_NAME from Information_schema.SCHEMATA where SCHEMA_NAME LIKE 'ccc%' ORDER BY SCHEMA_NAME='ccc' DESC,SCHEMA_NAME limit 1","rows":1}
{"level":"warn","ts":"2026-01-14T19:30:19.851+0800","caller":"logger/context.go:58","msg":"Slow SQL","elapsed":0.9829837,"sql":"SELECT count(*) FROM information_schema.statistics WHERE table_schema = 'ccc' AND table_name = 't_conversation' AND index_name = 'idx_cs_time'","rows":-1}
{"level":"warn","ts":"2026-01-14T19:30:20.353+0800","caller":"logger/context.go:58","msg":"Slow SQL","elapsed":0.5021111,"sql":"SELECT DATABASE()","rows":-1}
{"level":"warn","ts":"2026-01-14T19:30:21.393+0800","caller":"logger/context.go:58","msg":"Slow SQL","elapsed":1.0392808,"sql":"SELECT SCHEMA_NAME from Information_schema.SCHEMATA where SCHEMA_NAME LIKE 'ccc%' ORDER BY SCHEMA_NAME='ccc' DESC,SCHEMA_NAME limit 1","rows":1}
{"level":"warn","ts":"2026-01-14T19:30:22.386+0800","caller":"logger/context.go:58","msg":"Slow SQL","elapsed":0.9935836,"sql":"SELECT count(*) FROM information_schema.statistics WHERE table_schema = 'ccc' AND table_name = 't_conversation' AND index_name = 'idx_category'","rows":-1}
{"level":"warn","ts":"2026-01-14T19:30:22.871+0800","caller":"logger/context.go:58","msg":"Slow SQL","elapsed":0.485045,"sql":"SELECT DATABASE()","rows":-1}
{"level":"warn","ts":"2026-01-14T19:30:23.786+0800","caller":"logger/context.go:58","msg":"Slow SQL","elapsed":0.914324,"sql":"SELECT SCHEMA_NAME from Information_schema.SCHEMATA where SCHEMA_NAME LIKE 'ccc%' ORDER BY SCHEMA_NAME='ccc' DESC,SCHEMA_NAME limit 1","rows":1}
{"level":"warn","ts":"2026-01-14T19:30:24.737+0800","caller":"logger/context.go:58","msg":"Slow SQL","elapsed":0.951166,"sql":"SELECT count(*) FROM information_schema.tables WHERE table_schema = 'ccc' AND table_name = 't_conv_category' AND table_type = 'BASE TABLE'","rows":-1}
{"level":"warn","ts":"2026-01-14T19:30:25.199+0800","caller":"logger/context.go:58","msg":"Slow SQL","elapsed":0.4614685,"sql":"SELECT DATABASE()","rows":-1}
{"level":"warn","ts":"2026-01-14T19:30:26.062+0800","caller":"logger/context.go:58","msg":"Slow SQL","elapsed":0.8628825,"sql":"SELECT SCHEMA_NAME from Information_schema.SCHEMATA where SCHEMA_NAME LIKE 'ccc%' ORDER BY SCHEMA_NAME='ccc' DESC,SCHEMA_NAME limit 1","rows":1}
{"level":"warn","ts":"2026-01-14T19:30:26.918+0800","caller":"logger/context.go:58","msg":"Slow SQL","elapsed":0.8559684,"sql":"SELECT * FROM `t_conv_category` LIMIT 1","rows":-1}
{"level":"warn","ts":"2026-01-14T19:30:27.819+0800","caller":"logger/context.go:58","msg":"Slow SQL","elapsed":0.9018088,"sql":"SELECT column_name, column_default, is_nullable = 'YES', data_type, character_maximum_length, column_type, column_key, extra, column_comment, numeric_precision, numeric_scale , datetime_precision FROM information_schema.columns WHERE table_schema = 'ccc' AND table_name = 't_conv_category' ORDER BY ORDINAL_POSITION","rows":-1}
{"level":"warn","ts":"2026-01-14T19:30:28.249+0800","caller":"logger/context.go:58","msg":"Slow SQL","elapsed":0.4285014,"sql":"SELECT DATABASE()","rows":-1}
{"level":"warn","ts":"2026-01-14T19:30:29.137+0800","caller":"logger/context.go:58","msg":"Slow SQL","elapsed":0.887794,"sql":"SELECT SCHEMA_NAME from Information_schema.SCHEMATA where SCHEMA_NAME LIKE 'ccc%' ORDER BY SCHEMA_NAME='ccc' DESC,SCHEMA_NAME limit 1","rows":1}
{"level":"warn","ts":"2026-01-14T19:30:29.972+0800","caller":"logger/context.go:58","msg":"Slow SQL","elapsed":0.8350293,"sql":"\nSELECT\n\tTABLE_NAME,\n\tCOLUMN_NAME,\n\tINDEX_NAME,\n\tNON_UNIQUE \nFROM\n\tinformation_schema.STATISTICS \nWHERE\n\tTABLE_SCHEMA = 'ccc' \n\tAND TABLE_NAME = 't_conv_category' \nORDER BY\n\tINDEX_NAME,\n\tSEQ_IN_INDEX","rows":2}
{"level":"warn","ts":"2026-01-14T19:30:30.405+0800","caller":"logger/context.go:58","msg":"Slow SQL","elapsed":0.4321786,"sql":"SELECT DATABASE()","rows":-1}
{"level":"warn","ts":"2026-01-14T19:30:31.334+0800","caller":"logger/context.go:58","msg":"Slow SQL","elapsed":0.9288701,"sql":"SELECT SCHEMA_NAME from Information_schema.SCHEMATA where SCHEMA_NAME LIKE 'ccc%' ORDER BY SCHEMA_NAME='ccc' DESC,SCHEMA_NAME limit 1","rows":1}
{"level":"warn","ts":"2026-01-14T19:30:32.223+0800","caller":"logger/context.go:58","msg":"Slow SQL","elapsed":0.8886293,"sql":"SELECT count(*) FROM INFORMATION_SCHEMA.table_constraints WHERE constraint_schema = 'ccc' AND table_name = 't_conv_category' AND constraint_name = 'uni_t_conv_category_category_name'","rows":-1}
{"level":"warn","ts":"2026-01-14T19:30:32.694+0800","caller":"logger/context.go:58","msg":"Slow SQL","elapsed":0.4698518,"sql":"SELECT DATABASE()","rows":-1}
{"level":"warn","ts":"2026-01-14T19:30:33.548+0800","caller":"logger/context.go:58","msg":"Slow SQL","elapsed":0.8542421,"sql":"SELECT SCHEMA_NAME from Information_schema.SCHEMATA where SCHEMA_NAME LIKE 'ccc%' ORDER BY SCHEMA_NAME='ccc' DESC,SCHEMA_NAME limit 1","rows":1}
{"level":"warn","ts":"2026-01-14T19:30:34.440+0800","caller":"logger/context.go:58","msg":"Slow SQL","elapsed":0.8918931,"sql":"SELECT count(*) FROM information_schema.statistics WHERE table_schema = 'ccc' AND table_name = 't_conv_category' AND index_name = 'idx_t_conv_category_category_name'","rows":-1}
{"level":"warn","ts":"2026-01-14T19:30:34.919+0800","caller":"logger/context.go:58","msg":"Slow SQL","elapsed":0.4788794,"sql":"SELECT DATABASE()","rows":-1}
{"level":"warn","ts":"2026-01-14T19:30:35.861+0800","caller":"logger/context.go:58","msg":"Slow SQL","elapsed":0.9398453,"sql":"SELECT SCHEMA_NAME from Information_schema.SCHEMATA where SCHEMA_NAME LIKE 'ccc%' ORDER BY SCHEMA_NAME='ccc' DESC,SCHEMA_NAME limit 1","rows":1}
{"level":"warn","ts":"2026-01-14T19:30:36.778+0800","caller":"logger/context.go:58","msg":"Slow SQL","elapsed":0.9167496,"sql":"SELECT count(*) FROM information_schema.statistics WHERE table_schema = 'ccc' AND table_name = 't_conv_category' AND index_name = 'idx_t_conv_category_category_name'","rows":-1}
{"level":"warn","ts":"2026-01-14T19:30:37.249+0800","caller":"logger/context.go:58","msg":"Slow SQL","elapsed":0.4708732,"sql":"SELECT DATABASE()","rows":-1}
{"level":"warn","ts":"2026-01-14T19:30:38.173+0800","caller":"logger/context.go:58","msg":"Slow SQL","elapsed":0.9230106,"sql":"SELECT SCHEMA_NAME from Information_schema.SCHEMATA where SCHEMA_NAME LIKE 'ccc%' ORDER BY SCHEMA_NAME='ccc' DESC,SCHEMA_NAME limit 1","rows":1}
{"level":"warn","ts":"2026-01-14T19:30:39.157+0800","caller":"logger/context.go:58","msg":"Slow SQL","elapsed":0.9842387,"sql":"SELECT count(*) FROM information_schema.tables WHERE table_schema = 'ccc' AND table_name = 't_conv_message' AND table_type = 'BASE TABLE'","rows":-1}
{"level":"warn","ts":"2026-01-14T19:30:39.627+0800","caller":"logger/context.go:58","msg":"Slow SQL","elapsed":0.4698273,"sql":"SELECT DATABASE()","rows":-1}
{"level":"warn","ts":"2026-01-14T19:30:40.527+0800","caller":"logger/context.go:58","msg":"Slow SQL","elapsed":0.8999106,"sql":"SELECT SCHEMA_NAME from Information_schema.SCHEMATA where SCHEMA_NAME LIKE 'ccc%' ORDER BY SCHEMA_NAME='ccc' DESC,SCHEMA_NAME limit 1","rows":1}
{"level":"warn","ts":"2026-01-14T19:30:41.451+0800","caller":"logger/context.go:58","msg":"Slow SQL","elapsed":0.923611,"sql":"SELECT * FROM `t_conv_message` LIMIT 1","rows":-1}
{"level":"warn","ts":"2026-01-14T19:30:42.515+0800","caller":"logger/context.go:58","msg":"Slow SQL","elapsed":1.0636153,"sql":"SELECT column_name, column_default, is_nullable = 'YES', data_type, character_maximum_length, column_type, column_key, extra, column_comment, numeric_precision, numeric_scale , datetime_precision FROM information_schema.columns WHERE table_schema = 'ccc' AND table_name = 't_conv_message' ORDER BY ORDINAL_POSITION","rows":-1}
{"level":"warn","ts":"2026-01-14T19:30:42.991+0800","caller":"logger/context.go:58","msg":"Slow SQL","elapsed":0.4766438,"sql":"SELECT DATABASE()","rows":-1}
{"level":"warn","ts":"2026-01-14T19:30:43.940+0800","caller":"logger/context.go:58","msg":"Slow SQL","elapsed":0.9483991,"sql":"SELECT SCHEMA_NAME from Information_schema.SCHEMATA where SCHEMA_NAME LIKE 'ccc%' ORDER BY SCHEMA_NAME='ccc' DESC,SCHEMA_NAME limit 1","rows":1}
{"level":"warn","ts":"2026-01-14T19:30:44.942+0800","caller":"logger/context.go:58","msg":"Slow SQL","elapsed":1.0028161,"sql":"SELECT count(*) FROM information_schema.statistics WHERE table_schema = 'ccc' AND table_name = 't_conv_message' AND index_name = 'idx_conv_time'","rows":-1}
{"level":"warn","ts":"2026-01-14T19:30:45.405+0800","caller":"logger/context.go:58","msg":"Slow SQL","elapsed":0.4626733,"sql":"SELECT DATABASE()","rows":-1}
{"level":"warn","ts":"2026-01-14T19:30:46.420+0800","caller":"logger/context.go:58","msg":"Slow SQL","elapsed":1.0149624,"sql":"SELECT SCHEMA_NAME from Information_schema.SCHEMATA where SCHEMA_NAME LIKE 'ccc%' ORDER BY SCHEMA_NAME='ccc' DESC,SCHEMA_NAME limit 1","rows":1}
{"level":"warn","ts":"2026-01-14T19:30:47.411+0800","caller":"logger/context.go:58","msg":"Slow SQL","elapsed":0.9906727,"sql":"SELECT count(*) FROM information_schema.tables WHERE table_schema = 'ccc' AND table_name = 't_quick_reply' AND table_type = 'BASE TABLE'","rows":-1}
{"level":"warn","ts":"2026-01-14T19:30:47.910+0800","caller":"logger/context.go:58","msg":"Slow SQL","elapsed":0.4985099,"sql":"SELECT DATABASE()","rows":-1}
{"level":"warn","ts":"2026-01-14T19:30:48.869+0800","caller":"logger/context.go:58","msg":"Slow SQL","elapsed":0.9593855,"sql":"SELECT SCHEMA_NAME from Information_schema.SCHEMATA where SCHEMA_NAME LIKE 'ccc%' ORDER BY SCHEMA_NAME='ccc' DESC,SCHEMA_NAME limit 1","rows":1}
{"level":"warn","ts":"2026-01-14T19:30:49.815+0800","caller":"logger/context.go:58","msg":"Slow SQL","elapsed":0.9462135,"sql":"SELECT * FROM `t_quick_reply` LIMIT 1","rows":-1}
{"level":"warn","ts":"2026-01-14T19:30:50.738+0800","caller":"logger/context.go:58","msg":"Slow SQL","elapsed":0.9214071,"sql":"SELECT column_name, column_default, is_nullable = 'YES', data_type, character_maximum_length, column_type, column_key, extra, column_comment, numeric_precision, numeric_scale , datetime_precision FROM information_schema.columns WHERE table_schema = 'ccc' AND table_name = 't_quick_reply' ORDER BY ORDINAL_POSITION","rows":-1}
{"level":"warn","ts":"2026-01-14T19:30:51.170+0800","caller":"logger/context.go:58","msg":"Slow SQL","elapsed":0.431786,"sql":"SELECT DATABASE()","rows":-1}
{"level":"warn","ts":"2026-01-14T19:30:52.697+0800","caller":"logger/context.go:58","msg":"Slow SQL","elapsed":1.526231,"sql":"SELECT SCHEMA_NAME from Information_schema.SCHEMATA where SCHEMA_NAME LIKE 'ccc%' ORDER BY SCHEMA_NAME='ccc' DESC,SCHEMA_NAME limit 1","rows":1}
{"level":"warn","ts":"2026-01-14T19:30:54.181+0800","caller":"logger/context.go:58","msg":"Slow SQL","elapsed":1.4840063,"sql":"SELECT count(*) FROM information_schema.statistics WHERE table_schema = 'ccc' AND table_name = 't_quick_reply' AND index_name = 'idx_type_public'","rows":-1}
{"level":"warn","ts":"2026-01-14T19:30:54.622+0800","caller":"logger/context.go:58","msg":"Slow SQL","elapsed":0.4408299,"sql":"SELECT DATABASE()","rows":-1}
{"level":"warn","ts":"2026-01-14T19:30:55.555+0800","caller":"logger/context.go:58","msg":"Slow SQL","elapsed":0.9330465,"sql":"SELECT SCHEMA_NAME from Information_schema.SCHEMATA where SCHEMA_NAME LIKE 'ccc%' ORDER BY SCHEMA_NAME='ccc' DESC,SCHEMA_NAME limit 1","rows":1}
{"level":"warn","ts":"2026-01-14T19:30:56.453+0800","caller":"logger/context.go:58","msg":"Slow SQL","elapsed":0.8976816,"sql":"SELECT count(*) FROM information_schema.tables WHERE table_schema = 'ccc' AND table_name = 't_leave_transfer' AND table_type = 'BASE TABLE'","rows":-1}
{"level":"warn","ts":"2026-01-14T19:30:56.922+0800","caller":"logger/context.go:58","msg":"Slow SQL","elapsed":0.4694599,"sql":"SELECT DATABASE()","rows":-1}
{"level":"warn","ts":"2026-01-14T19:30:57.810+0800","caller":"logger/context.go:58","msg":"Slow SQL","elapsed":0.8876049,"sql":"SELECT SCHEMA_NAME from Information_schema.SCHEMATA where SCHEMA_NAME LIKE 'ccc%' ORDER BY SCHEMA_NAME='ccc' DESC,SCHEMA_NAME limit 1","rows":1}
{"level":"warn","ts":"2026-01-14T19:30:58.726+0800","caller":"logger/context.go:58","msg":"Slow SQL","elapsed":0.915722,"sql":"SELECT * FROM `t_leave_transfer` LIMIT 1","rows":-1}
{"level":"warn","ts":"2026-01-14T19:30:59.606+0800","caller":"logger/context.go:58","msg":"Slow SQL","elapsed":0.8800314,"sql":"SELECT column_name, column_default, is_nullable = 'YES', data_type, character_maximum_length, column_type, column_key, extra, column_comment, numeric_precision, numeric_scale , datetime_precision FROM information_schema.columns WHERE table_schema = 'ccc' AND table_name = 't_leave_transfer' ORDER BY ORDINAL_POSITION","rows":-1}
{"level":"warn","ts":"2026-01-14T19:31:00.120+0800","caller":"logger/context.go:58","msg":"Slow SQL","elapsed":0.5135292,"sql":"ALTER TABLE `t_leave_transfer` MODIFY COLUMN `approval_time` datetime(3) NULL","rows":7}
{"level":"warn","ts":"2026-01-14T19:31:00.590+0800","caller":"logger/context.go:58","msg":"Slow SQL","elapsed":0.4693254,"sql":"SELECT DATABASE()","rows":-1}
{"level":"warn","ts":"2026-01-14T19:31:01.498+0800","caller":"logger/context.go:58","msg":"Slow SQL","elapsed":0.9077729,"sql":"SELECT SCHEMA_NAME from Information_schema.SCHEMATA where SCHEMA_NAME LIKE 'ccc%' ORDER BY SCHEMA_NAME='ccc' DESC,SCHEMA_NAME limit 1","rows":1}
{"level":"warn","ts":"2026-01-14T19:31:02.460+0800","caller":"logger/context.go:58","msg":"Slow SQL","elapsed":0.9616931,"sql":"SELECT count(*) FROM information_schema.statistics WHERE table_schema = 'ccc' AND table_name = 't_leave_transfer' AND index_name = 'idx_cs_status'","rows":-1}
{"level":"warn","ts":"2026-01-14T19:31:02.966+0800","caller":"logger/context.go:58","msg":"Slow SQL","elapsed":0.5059719,"sql":"SELECT DATABASE()","rows":-1}
{"level":"warn","ts":"2026-01-14T19:31:04.002+0800","caller":"logger/context.go:58","msg":"Slow SQL","elapsed":1.0367812,"sql":"SELECT SCHEMA_NAME from Information_schema.SCHEMATA where SCHEMA_NAME LIKE 'ccc%' ORDER BY SCHEMA_NAME='ccc' DESC,SCHEMA_NAME limit 1","rows":1}
{"level":"warn","ts":"2026-01-14T19:31:05.061+0800","caller":"logger/context.go:58","msg":"Slow SQL","elapsed":1.0591041,"sql":"SELECT count(*) FROM information_schema.tables WHERE table_schema = 'ccc' AND table_name = 't_conv_tag' AND table_type = 'BASE TABLE'","rows":-1}
{"level":"warn","ts":"2026-01-14T19:31:05.605+0800","caller":"logger/context.go:58","msg":"Slow SQL","elapsed":0.543658,"sql":"SELECT DATABASE()","rows":-1}
{"level":"warn","ts":"2026-01-14T19:31:07.133+0800","caller":"logger/context.go:58","msg":"Slow SQL","elapsed":1.5260514,"sql":"SELECT SCHEMA_NAME from Information_schema.SCHEMATA where SCHEMA_NAME LIKE 'ccc%' ORDER BY SCHEMA_NAME='ccc' DESC,SCHEMA_NAME limit 1","rows":1}
{"level":"warn","ts":"2026-01-14T19:31:08.140+0800","caller":"logger/context.go:58","msg":"Slow SQL","elapsed":1.0068914,"sql":"SELECT * FROM `t_conv_tag` LIMIT 1","rows":-1}
{"level":"warn","ts":"2026-01-14T19:31:09.150+0800","caller":"logger/context.go:58","msg":"Slow SQL","elapsed":1.0094132,"sql":"SELECT column_name, column_default, is_nullable = 'YES', data_type, character_maximum_length, column_type, column_key, extra, column_comment, numeric_precision, numeric_scale , datetime_precision FROM information_schema.columns WHERE table_schema = 'ccc' AND table_name = 't_conv_tag' ORDER BY ORDINAL_POSITION","rows":-1}
{"level":"warn","ts":"2026-01-14T19:31:09.678+0800","caller":"logger/context.go:58","msg":"Slow SQL","elapsed":0.528028,"sql":"SELECT DATABASE()","rows":-1}
{"level":"warn","ts":"2026-01-14T19:31:10.750+0800","caller":"logger/context.go:58","msg":"Slow SQL","elapsed":1.0713137,"sql":"SELECT SCHEMA_NAME from Information_schema.SCHEMATA where SCHEMA_NAME LIKE 'ccc%' ORDER BY SCHEMA_NAME='ccc' DESC,SCHEMA_NAME limit 1","rows":1}
{"level":"warn","ts":"2026-01-14T19:31:11.773+0800","caller":"logger/context.go:58","msg":"Slow SQL","elapsed":1.0236008,"sql":"\nSELECT\n\tTABLE_NAME,\n\tCOLUMN_NAME,\n\tINDEX_NAME,\n\tNON_UNIQUE \nFROM\n\tinformation_schema.STATISTICS \nWHERE\n\tTABLE_SCHEMA = 'ccc' \n\tAND TABLE_NAME = 't_conv_tag' \nORDER BY\n\tINDEX_NAME,\n\tSEQ_IN_INDEX","rows":3}
{"level":"warn","ts":"2026-01-14T19:31:12.268+0800","caller":"logger/context.go:58","msg":"Slow SQL","elapsed":0.4951108,"sql":"SELECT DATABASE()","rows":-1}
{"level":"warn","ts":"2026-01-14T19:31:13.297+0800","caller":"logger/context.go:58","msg":"Slow SQL","elapsed":1.0284967,"sql":"SELECT SCHEMA_NAME from Information_schema.SCHEMATA where SCHEMA_NAME LIKE 'ccc%' ORDER BY SCHEMA_NAME='ccc' DESC,SCHEMA_NAME limit 1","rows":1}
{"level":"warn","ts":"2026-01-14T19:31:14.258+0800","caller":"logger/context.go:58","msg":"Slow SQL","elapsed":0.9611776,"sql":"SELECT count(*) FROM INFORMATION_SCHEMA.table_constraints WHERE constraint_schema = 'ccc' AND table_name = 't_conv_tag' AND constraint_name = 'uni_t_conv_tag_tag_name'","rows":-1}
{"level":"warn","ts":"2026-01-14T19:31:14.734+0800","caller":"logger/context.go:58","msg":"Slow SQL","elapsed":0.4758987,"sql":"SELECT DATABASE()","rows":-1}
{"level":"warn","ts":"2026-01-14T19:31:15.736+0800","caller":"logger/context.go:58","msg":"Slow SQL","elapsed":1.0022362,"sql":"SELECT SCHEMA_NAME from Information_schema.SCHEMATA where SCHEMA_NAME LIKE 'ccc%' ORDER BY SCHEMA_NAME='ccc' DESC,SCHEMA_NAME limit 1","rows":1}
{"level":"warn","ts":"2026-01-14T19:31:17.305+0800","caller":"logger/context.go:58","msg":"Slow SQL","elapsed":1.5673492,"sql":"SELECT count(*) FROM information_schema.statistics WHERE table_schema = 'ccc' AND table_name = 't_conv_tag' AND index_name = 'idx_t_conv_tag_tag_name'","rows":-1}
{"level":"warn","ts":"2026-01-14T19:31:17.801+0800","caller":"logger/context.go:58","msg":"Slow SQL","elapsed":0.4949837,"sql":"SELECT DATABASE()","rows":-1}
{"level":"warn","ts":"2026-01-14T19:31:18.817+0800","caller":"logger/context.go:58","msg":"Slow SQL","elapsed":1.0162358,"sql":"SELECT SCHEMA_NAME from Information_schema.SCHEMATA where SCHEMA_NAME LIKE 'ccc%' ORDER BY SCHEMA_NAME='ccc' DESC,SCHEMA_NAME limit 1","rows":1}
{"level":"warn","ts":"2026-01-14T19:31:20.287+0800","caller":"logger/context.go:58","msg":"Slow SQL","elapsed":1.4700856,"sql":"SELECT count(*) FROM information_schema.statistics WHERE table_schema = 'ccc' AND table_name = 't_conv_tag' AND index_name = 'idx_t_conv_tag_tag_name'","rows":-1}
{"level":"warn","ts":"2026-01-14T19:31:20.784+0800","caller":"logger/context.go:58","msg":"Slow SQL","elapsed":0.4955872,"sql":"SELECT DATABASE()","rows":-1}
{"level":"warn","ts":"2026-01-14T19:31:21.793+0800","caller":"logger/context.go:58","msg":"Slow SQL","elapsed":1.0089771,"sql":"SELECT SCHEMA_NAME from Information_schema.SCHEMATA where SCHEMA_NAME LIKE 'ccc%' ORDER BY SCHEMA_NAME='ccc' DESC,SCHEMA_NAME limit 1","rows":1}
{"level":"warn","ts":"2026-01-14T19:31:22.801+0800","caller":"logger/context.go:58","msg":"Slow SQL","elapsed":1.0082855,"sql":"SELECT count(*) FROM information_schema.statistics WHERE table_schema = 'ccc' AND table_name = 't_conv_tag' AND index_name = 'idx_t_conv_tag_sort_no'","rows":-1}
{"level":"warn","ts":"2026-01-14T19:31:23.339+0800","caller":"logger/context.go:58","msg":"Slow SQL","elapsed":0.5384996,"sql":"SELECT DATABASE()","rows":-1}
{"level":"warn","ts":"2026-01-14T19:31:24.337+0800","caller":"logger/context.go:58","msg":"Slow SQL","elapsed":0.9979352,"sql":"SELECT SCHEMA_NAME from Information_schema.SCHEMATA where SCHEMA_NAME LIKE 'ccc%' ORDER BY SCHEMA_NAME='ccc' DESC,SCHEMA_NAME limit 1","rows":1}
{"level":"warn","ts":"2026-01-14T19:31:25.262+0800","caller":"logger/context.go:58","msg":"Slow SQL","elapsed":0.9243396,"sql":"SELECT count(*) FROM information_schema.tables WHERE table_schema = 'ccc' AND table_name = 'sys_roles' AND table_type = 'BASE TABLE'","rows":-1}
{"level":"warn","ts":"2026-01-14T19:31:25.740+0800","caller":"logger/context.go:58","msg":"Slow SQL","elapsed":0.4771419,"sql":"SELECT DATABASE()","rows":-1}
{"level":"warn","ts":"2026-01-14T19:31:26.713+0800","caller":"logger/context.go:58","msg":"Slow SQL","elapsed":0.9732435,"sql":"SELECT SCHEMA_NAME from Information_schema.SCHEMATA where SCHEMA_NAME LIKE 'ccc%' ORDER BY SCHEMA_NAME='ccc' DESC,SCHEMA_NAME limit 1","rows":1}
{"level":"warn","ts":"2026-01-14T19:31:27.635+0800","caller":"logger/context.go:58","msg":"Slow SQL","elapsed":0.9215655,"sql":"SELECT * FROM `sys_roles` LIMIT 1","rows":-1}
{"level":"warn","ts":"2026-01-14T19:31:28.566+0800","caller":"logger/context.go:58","msg":"Slow SQL","elapsed":0.931719,"sql":"SELECT column_name, column_default, is_nullable = 'YES', data_type, character_maximum_length, column_type, column_key, extra, column_comment, numeric_precision, numeric_scale , datetime_precision FROM information_schema.columns WHERE table_schema = 'ccc' AND table_name = 'sys_roles' ORDER BY ORDINAL_POSITION","rows":-1}
{"level":"warn","ts":"2026-01-14T19:31:29.051+0800","caller":"logger/context.go:58","msg":"Slow SQL","elapsed":0.4836961,"sql":"SELECT DATABASE()","rows":-1}
{"level":"warn","ts":"2026-01-14T19:31:30.008+0800","caller":"logger/context.go:58","msg":"Slow SQL","elapsed":0.9570617,"sql":"SELECT SCHEMA_NAME from Information_schema.SCHEMATA where SCHEMA_NAME LIKE 'ccc%' ORDER BY SCHEMA_NAME='ccc' DESC,SCHEMA_NAME limit 1","rows":1}
{"level":"warn","ts":"2026-01-14T19:31:30.933+0800","caller":"logger/context.go:58","msg":"Slow SQL","elapsed":0.9245597,"sql":"\nSELECT\n\tTABLE_NAME,\n\tCOLUMN_NAME,\n\tINDEX_NAME,\n\tNON_UNIQUE \nFROM\n\tinformation_schema.STATISTICS \nWHERE\n\tTABLE_SCHEMA = 'ccc' \n\tAND TABLE_NAME = 'sys_roles' \nORDER BY\n\tINDEX_NAME,\n\tSEQ_IN_INDEX","rows":2}
{"level":"warn","ts":"2026-01-14T19:31:31.413+0800","caller":"logger/context.go:58","msg":"Slow SQL","elapsed":0.4798625,"sql":"SELECT DATABASE()","rows":-1}
{"level":"warn","ts":"2026-01-14T19:31:32.331+0800","caller":"logger/context.go:58","msg":"Slow SQL","elapsed":0.9181393,"sql":"SELECT SCHEMA_NAME from Information_schema.SCHEMATA where SCHEMA_NAME LIKE 'ccc%' ORDER BY SCHEMA_NAME='ccc' DESC,SCHEMA_NAME limit 1","rows":1}
{"level":"warn","ts":"2026-01-14T19:31:33.267+0800","caller":"logger/context.go:58","msg":"Slow SQL","elapsed":0.9365381,"sql":"SELECT count(*) FROM INFORMATION_SCHEMA.table_constraints WHERE constraint_schema = 'ccc' AND table_name = 'sys_roles' AND constraint_name = 'uni_sys_roles_role_code'","rows":-1}
{"level":"warn","ts":"2026-01-14T19:31:33.734+0800","caller":"logger/context.go:58","msg":"Slow SQL","elapsed":0.4665117,"sql":"SELECT DATABASE()","rows":-1}
{"level":"warn","ts":"2026-01-14T19:31:34.631+0800","caller":"logger/context.go:58","msg":"Slow SQL","elapsed":0.8970009,"sql":"SELECT SCHEMA_NAME from Information_schema.SCHEMATA where SCHEMA_NAME LIKE 'ccc%' ORDER BY SCHEMA_NAME='ccc' DESC,SCHEMA_NAME limit 1","rows":1}
{"level":"warn","ts":"2026-01-14T19:31:36.091+0800","caller":"logger/context.go:58","msg":"Slow SQL","elapsed":1.4598467,"sql":"SELECT count(*) FROM information_schema.statistics WHERE table_schema = 'ccc' AND table_name = 'sys_roles' AND index_name = 'idx_sys_roles_role_code'","rows":-1}
{"level":"warn","ts":"2026-01-14T19:31:36.553+0800","caller":"logger/context.go:58","msg":"Slow SQL","elapsed":0.4623405,"sql":"SELECT DATABASE()","rows":-1}
{"level":"warn","ts":"2026-01-14T19:31:37.518+0800","caller":"logger/context.go:58","msg":"Slow SQL","elapsed":0.9646344,"sql":"SELECT SCHEMA_NAME from Information_schema.SCHEMATA where SCHEMA_NAME LIKE 'ccc%' ORDER BY SCHEMA_NAME='ccc' DESC,SCHEMA_NAME limit 1","rows":1}
{"level":"warn","ts":"2026-01-14T19:31:38.441+0800","caller":"logger/context.go:58","msg":"Slow SQL","elapsed":0.9228818,"sql":"SELECT count(*) FROM information_schema.statistics WHERE table_schema = 'ccc' AND table_name = 'sys_roles' AND index_name = 'idx_sys_roles_role_code'","rows":-1}
{"level":"warn","ts":"2026-01-14T19:31:38.932+0800","caller":"logger/context.go:58","msg":"Slow SQL","elapsed":0.4909362,"sql":"SELECT DATABASE()","rows":-1}
{"level":"warn","ts":"2026-01-14T19:31:39.804+0800","caller":"logger/context.go:58","msg":"Slow SQL","elapsed":0.869937,"sql":"SELECT SCHEMA_NAME from Information_schema.SCHEMATA where SCHEMA_NAME LIKE 'ccc%' ORDER BY SCHEMA_NAME='ccc' DESC,SCHEMA_NAME limit 1","rows":1}
{"level":"warn","ts":"2026-01-14T19:31:40.646+0800","caller":"logger/context.go:58","msg":"Slow SQL","elapsed":0.8428632,"sql":"SELECT count(*) FROM information_schema.tables WHERE table_schema = 'ccc' AND table_name = 'sys_users' AND table_type = 'BASE TABLE'","rows":-1}
{"level":"warn","ts":"2026-01-14T19:31:41.079+0800","caller":"logger/context.go:58","msg":"Slow SQL","elapsed":0.4319148,"sql":"SELECT DATABASE()","rows":-1}
{"level":"warn","ts":"2026-01-14T19:31:41.950+0800","caller":"logger/context.go:58","msg":"Slow SQL","elapsed":0.8717902,"sql":"SELECT SCHEMA_NAME from Information_schema.SCHEMATA where SCHEMA_NAME LIKE 'ccc%' ORDER BY SCHEMA_NAME='ccc' DESC,SCHEMA_NAME limit 1","rows":1}
{"level":"warn","ts":"2026-01-14T19:31:42.822+0800","caller":"logger/context.go:58","msg":"Slow SQL","elapsed":0.871651,"sql":"SELECT * FROM `sys_users` LIMIT 1","rows":-1}
{"level":"warn","ts":"2026-01-14T19:31:43.717+0800","caller":"logger/context.go:58","msg":"Slow SQL","elapsed":0.8936737,"sql":"SELECT column_name, column_default, is_nullable = 'YES', data_type, character_maximum_length, column_type, column_key, extra, column_comment, numeric_precision, numeric_scale , datetime_precision FROM information_schema.columns WHERE table_schema = 'ccc' AND table_name = 'sys_users' ORDER BY ORDINAL_POSITION","rows":-1}
{"level":"warn","ts":"2026-01-14T19:31:44.158+0800","caller":"logger/context.go:58","msg":"Slow SQL","elapsed":0.441265,"sql":"SELECT DATABASE()","rows":-1}
{"level":"warn","ts":"2026-01-14T19:31:45.088+0800","caller":"logger/context.go:58","msg":"Slow SQL","elapsed":0.9290925,"sql":"SELECT SCHEMA_NAME from Information_schema.SCHEMATA where SCHEMA_NAME LIKE 'ccc%' ORDER BY SCHEMA_NAME='ccc' DESC,SCHEMA_NAME limit 1","rows":1}
{"level":"warn","ts":"2026-01-14T19:31:45.975+0800","caller":"logger/context.go:58","msg":"Slow SQL","elapsed":0.8868729,"sql":"\nSELECT\n\tTABLE_NAME,\n\tCOLUMN_NAME,\n\tINDEX_NAME,\n\tNON_UNIQUE \nFROM\n\tinformation_schema.STATISTICS \nWHERE\n\tTABLE_SCHEMA = 'ccc' \n\tAND TABLE_NAME = 'sys_users' \nORDER BY\n\tINDEX_NAME,\n\tSEQ_IN_INDEX","rows":4}
{"level":"warn","ts":"2026-01-14T19:31:46.399+0800","caller":"logger/context.go:58","msg":"Slow SQL","elapsed":0.4244722,"sql":"SELECT DATABASE()","rows":-1}
{"level":"warn","ts":"2026-01-14T19:31:47.262+0800","caller":"logger/context.go:58","msg":"Slow SQL","elapsed":0.8628965,"sql":"SELECT SCHEMA_NAME from Information_schema.SCHEMATA where SCHEMA_NAME LIKE 'ccc%' ORDER BY SCHEMA_NAME='ccc' DESC,SCHEMA_NAME limit 1","rows":1}
{"level":"warn","ts":"2026-01-14T19:31:48.159+0800","caller":"logger/context.go:58","msg":"Slow SQL","elapsed":0.8965144,"sql":"SELECT count(*) FROM INFORMATION_SCHEMA.table_constraints WHERE constraint_schema = 'ccc' AND table_name = 'sys_users' AND constraint_name = 'uni_sys_users_user_name'","rows":-1}
{"level":"warn","ts":"2026-01-14T19:31:48.604+0800","caller":"logger/context.go:58","msg":"Slow SQL","elapsed":0.4454165,"sql":"SELECT DATABASE()","rows":-1}
{"level":"warn","ts":"2026-01-14T19:31:49.514+0800","caller":"logger/context.go:58","msg":"Slow SQL","elapsed":0.9092643,"sql":"SELECT SCHEMA_NAME from Information_schema.SCHEMATA where SCHEMA_NAME LIKE 'ccc%' ORDER BY SCHEMA_NAME='ccc' DESC,SCHEMA_NAME limit 1","rows":1}
{"level":"warn","ts":"2026-01-14T19:31:50.409+0800","caller":"logger/context.go:58","msg":"Slow SQL","elapsed":0.8949862,"sql":"SELECT count(*) FROM information_schema.statistics WHERE table_schema = 'ccc' AND table_name = 'sys_users' AND index_name = 'idx_sys_users_user_name'","rows":-1}
{"level":"warn","ts":"2026-01-14T19:31:50.869+0800","caller":"logger/context.go:58","msg":"Slow SQL","elapsed":0.4594057,"sql":"SELECT DATABASE()","rows":-1}
{"level":"warn","ts":"2026-01-14T19:31:51.747+0800","caller":"logger/context.go:58","msg":"Slow SQL","elapsed":0.8782283,"sql":"SELECT SCHEMA_NAME from Information_schema.SCHEMATA where SCHEMA_NAME LIKE 'ccc%' ORDER BY SCHEMA_NAME='ccc' DESC,SCHEMA_NAME limit 1","rows":1}
{"level":"warn","ts":"2026-01-14T19:31:52.658+0800","caller":"logger/context.go:58","msg":"Slow SQL","elapsed":0.9106866,"sql":"SELECT count(*) FROM information_schema.statistics WHERE table_schema = 'ccc' AND table_name = 'sys_users' AND index_name = 'idx_sys_users_user_name'","rows":-1}
{"level":"warn","ts":"2026-01-14T19:31:53.119+0800","caller":"logger/context.go:58","msg":"Slow SQL","elapsed":0.4607699,"sql":"SELECT DATABASE()","rows":-1}
{"level":"warn","ts":"2026-01-14T19:31:54.113+0800","caller":"logger/context.go:58","msg":"Slow SQL","elapsed":0.9939429,"sql":"SELECT SCHEMA_NAME from Information_schema.SCHEMATA where SCHEMA_NAME LIKE 'ccc%' ORDER BY SCHEMA_NAME='ccc' DESC,SCHEMA_NAME limit 1","rows":1}
{"level":"warn","ts":"2026-01-14T19:31:55.092+0800","caller":"logger/context.go:58","msg":"Slow SQL","elapsed":0.9790744,"sql":"SELECT count(*) FROM information_schema.statistics WHERE table_schema = 'ccc' AND table_name = 'sys_users' AND index_name = 'idx_sys_users_role_code'","rows":-1}
{"level":"warn","ts":"2026-01-14T19:31:55.577+0800","caller":"logger/context.go:58","msg":"Slow SQL","elapsed":0.484883,"sql":"SELECT DATABASE()","rows":-1}
{"level":"warn","ts":"2026-01-14T19:31:56.446+0800","caller":"logger/context.go:58","msg":"Slow SQL","elapsed":0.8696062,"sql":"SELECT SCHEMA_NAME from Information_schema.SCHEMATA where SCHEMA_NAME LIKE 'ccc%' ORDER BY SCHEMA_NAME='ccc' DESC,SCHEMA_NAME limit 1","rows":1}
{"level":"warn","ts":"2026-01-14T19:31:57.365+0800","caller":"logger/context.go:58","msg":"Slow SQL","elapsed":0.9184465,"sql":"SELECT count(*) FROM information_schema.statistics WHERE table_schema = 'ccc' AND table_name = 'sys_users' AND index_name = 'idx_sys_users_deleted_at'","rows":-1}
{"level":"warn","ts":"2026-01-14T19:31:57.899+0800","caller":"logger/context.go:58","msg":"Slow SQL","elapsed":0.5325536,"sql":"ALTER TABLE t_leave_transfer MODIFY COLUMN approval_time DATETIME NULL DEFAULT NULL","rows":7}
{"level":"info","ts":"2026-01-14T19:31:57.899+0800","caller":"dal/db.go:157","msg":"Tables migrated successfully"}
{"level":"warn","ts":"2026-01-14T19:31:58.878+0800","caller":"logger/context.go:58","msg":"Slow SQL","elapsed":0.9798072,"sql":"SELECT * FROM `sys_roles` WHERE role_code = 'admin' ORDER BY `sys_roles`.`id` LIMIT 1","rows":1}
{"level":"warn","ts":"2026-01-14T19:31:59.824+0800","caller":"logger/context.go:58","msg":"Slow SQL","elapsed":0.945528,"sql":"SELECT * FROM `sys_roles` WHERE role_code = 'customer_service' ORDER BY `sys_roles`.`id` LIMIT 1","rows":1}
{"level":"warn","ts":"2026-01-14T19:32:00.777+0800","caller":"logger/context.go:58","msg":"Slow SQL","elapsed":0.9527464,"sql":"SELECT * FROM `sys_users` WHERE user_name = 'admin' AND `sys_users`.`deleted_at` IS NULL ORDER BY `sys_users`.`id` LIMIT 1","rows":1}
{"level":"info","ts":"2026-01-14T19:32:00.777+0800","caller":"customer/main.go:52","msg":"Customer service started","address":"0.0.0.0:8888"}
